<?xml version="1.0" encoding="UTF-8"?>
<!-- Generated by org.testng.reporters.JUnitReportReporter -->
<testsuite skipped="0" hostname="VinodC-inteliMac-2.local" name="Sheet.google.Google" tests="1" failures="0" timestamp="27 Jun 2019 11:45:41 GMT" time="69.426" errors="0">
  <testcase name="test" time="69.426" classname="Sheet.google.Google"/>
</testsuite> <!-- Sheet.google.Google -->
